{"/Users/sahil/Desktop/Job_Portal_Backend/controllers/applicationController.js": {"path":"/Users/sahil/Desktop/Job_Portal_Backend/controllers/applicationController.js","statementMap":{"0":{"start":{"line":5,"column":15},"end":{"line":38,"column":1}},"1":{"start":{"line":6,"column":18},"end":{"line":6,"column":28}},"2":{"start":{"line":7,"column":4},"end":{"line":9,"column":5}},"3":{"start":{"line":8,"column":8},"end":{"line":8,"column":74}},"4":{"start":{"line":10,"column":4},"end":{"line":12,"column":5}},"5":{"start":{"line":11,"column":8},"end":{"line":11,"column":62}},"6":{"start":{"line":14,"column":4},"end":{"line":37,"column":5}},"7":{"start":{"line":15,"column":26},"end":{"line":18,"column":10}},"8":{"start":{"line":20,"column":8},"end":{"line":22,"column":9}},"9":{"start":{"line":21,"column":12},"end":{"line":21,"column":92}},"10":{"start":{"line":23,"column":23},"end":{"line":23,"column":31}},"11":{"start":{"line":24,"column":8},"end":{"line":26,"column":9}},"12":{"start":{"line":25,"column":12},"end":{"line":25,"column":96}},"13":{"start":{"line":27,"column":29},"end":{"line":31,"column":10}},"14":{"start":{"line":32,"column":8},"end":{"line":32,"column":36}},"15":{"start":{"line":33,"column":8},"end":{"line":33,"column":91}},"16":{"start":{"line":35,"column":8},"end":{"line":35,"column":73}},"17":{"start":{"line":36,"column":8},"end":{"line":36,"column":82}},"18":{"start":{"line":40,"column":22},"end":{"line":61,"column":1}},"19":{"start":{"line":41,"column":18},"end":{"line":41,"column":28}},"20":{"start":{"line":42,"column":4},"end":{"line":44,"column":5}},"21":{"start":{"line":43,"column":8},"end":{"line":43,"column":74}},"22":{"start":{"line":45,"column":4},"end":{"line":47,"column":5}},"23":{"start":{"line":46,"column":8},"end":{"line":46,"column":62}},"24":{"start":{"line":49,"column":4},"end":{"line":60,"column":5}},"25":{"start":{"line":50,"column":27},"end":{"line":55,"column":11}},"26":{"start":{"line":56,"column":8},"end":{"line":56,"column":42}},"27":{"start":{"line":58,"column":8},"end":{"line":58,"column":84}},"28":{"start":{"line":59,"column":8},"end":{"line":59,"column":82}}},"fnMap":{"0":{"name":"(anonymous_0)","decl":{"start":{"line":5,"column":15},"end":{"line":5,"column":16}},"loc":{"start":{"line":5,"column":31},"end":{"line":38,"column":1}},"line":5},"1":{"name":"(anonymous_1)","decl":{"start":{"line":40,"column":22},"end":{"line":40,"column":23}},"loc":{"start":{"line":40,"column":38},"end":{"line":61,"column":1}},"line":40}},"branchMap":{"0":{"loc":{"start":{"line":7,"column":4},"end":{"line":9,"column":5}},"type":"if","locations":[{"start":{"line":7,"column":4},"end":{"line":9,"column":5}},{"start":{},"end":{}}],"line":7},"1":{"loc":{"start":{"line":10,"column":4},"end":{"line":12,"column":5}},"type":"if","locations":[{"start":{"line":10,"column":4},"end":{"line":12,"column":5}},{"start":{},"end":{}}],"line":10},"2":{"loc":{"start":{"line":20,"column":8},"end":{"line":22,"column":9}},"type":"if","locations":[{"start":{"line":20,"column":8},"end":{"line":22,"column":9}},{"start":{},"end":{}}],"line":20},"3":{"loc":{"start":{"line":24,"column":8},"end":{"line":26,"column":9}},"type":"if","locations":[{"start":{"line":24,"column":8},"end":{"line":26,"column":9}},{"start":{},"end":{}}],"line":24},"4":{"loc":{"start":{"line":42,"column":4},"end":{"line":44,"column":5}},"type":"if","locations":[{"start":{"line":42,"column":4},"end":{"line":44,"column":5}},{"start":{},"end":{}}],"line":42},"5":{"loc":{"start":{"line":45,"column":4},"end":{"line":47,"column":5}},"type":"if","locations":[{"start":{"line":45,"column":4},"end":{"line":47,"column":5}},{"start":{},"end":{}}],"line":45}},"s":{"0":1,"1":4,"2":4,"3":0,"4":4,"5":1,"6":3,"7":3,"8":3,"9":1,"10":2,"11":2,"12":1,"13":1,"14":1,"15":1,"16":0,"17":0,"18":1,"19":2,"20":2,"21":0,"22":2,"23":1,"24":1,"25":1,"26":1,"27":0,"28":0},"f":{"0":4,"1":2},"b":{"0":[0,4],"1":[1,3],"2":[1,2],"3":[1,1],"4":[0,2],"5":[1,1]},"_coverageSchema":"1a1c01bbd47fc00a2c39e90264f33305004495a9","hash":"a02e6b2e42ebfd8f791a1ebd8559483a5876bc37"}
,"/Users/sahil/Desktop/Job_Portal_Backend/middleware/authMiddleware.js": {"path":"/Users/sahil/Desktop/Job_Portal_Backend/middleware/authMiddleware.js","statementMap":{"0":{"start":{"line":3,"column":26},"end":{"line":23,"column":1}},"1":{"start":{"line":4,"column":23},"end":{"line":4,"column":50}},"2":{"start":{"line":5,"column":18},"end":{"line":5,"column":98}},"3":{"start":{"line":6,"column":4},"end":{"line":8,"column":5}},"4":{"start":{"line":7,"column":8},"end":{"line":7,"column":86}},"5":{"start":{"line":9,"column":4},"end":{"line":11,"column":5}},"6":{"start":{"line":10,"column":8},"end":{"line":10,"column":71}},"7":{"start":{"line":13,"column":4},"end":{"line":22,"column":5}},"8":{"start":{"line":14,"column":24},"end":{"line":14,"column":65}},"9":{"start":{"line":15,"column":8},"end":{"line":15,"column":27}},"10":{"start":{"line":16,"column":8},"end":{"line":16,"column":15}},"11":{"start":{"line":18,"column":8},"end":{"line":20,"column":9}},"12":{"start":{"line":19,"column":12},"end":{"line":19,"column":96}},"13":{"start":{"line":21,"column":8},"end":{"line":21,"column":66}},"14":{"start":{"line":25,"column":18},"end":{"line":36,"column":1}},"15":{"start":{"line":26,"column":4},"end":{"line":35,"column":6}},"16":{"start":{"line":27,"column":8},"end":{"line":34,"column":9}},"17":{"start":{"line":28,"column":12},"end":{"line":30,"column":13}},"18":{"start":{"line":29,"column":16},"end":{"line":29,"column":100}},"19":{"start":{"line":31,"column":12},"end":{"line":31,"column":19}},"20":{"start":{"line":33,"column":12},"end":{"line":33,"column":78}}},"fnMap":{"0":{"name":"(anonymous_0)","decl":{"start":{"line":3,"column":26},"end":{"line":3,"column":27}},"loc":{"start":{"line":3,"column":46},"end":{"line":23,"column":1}},"line":3},"1":{"name":"(anonymous_1)","decl":{"start":{"line":25,"column":18},"end":{"line":25,"column":19}},"loc":{"start":{"line":25,"column":28},"end":{"line":36,"column":1}},"line":25},"2":{"name":"(anonymous_2)","decl":{"start":{"line":26,"column":11},"end":{"line":26,"column":12}},"loc":{"start":{"line":26,"column":31},"end":{"line":35,"column":5}},"line":26}},"branchMap":{"0":{"loc":{"start":{"line":5,"column":18},"end":{"line":5,"column":98}},"type":"cond-expr","locations":[{"start":{"line":5,"column":67},"end":{"line":5,"column":91}},{"start":{"line":5,"column":94},"end":{"line":5,"column":98}}],"line":5},"1":{"loc":{"start":{"line":5,"column":18},"end":{"line":5,"column":64}},"type":"binary-expr","locations":[{"start":{"line":5,"column":18},"end":{"line":5,"column":28}},{"start":{"line":5,"column":32},"end":{"line":5,"column":64}}],"line":5},"2":{"loc":{"start":{"line":6,"column":4},"end":{"line":8,"column":5}},"type":"if","locations":[{"start":{"line":6,"column":4},"end":{"line":8,"column":5}},{"start":{},"end":{}}],"line":6},"3":{"loc":{"start":{"line":9,"column":4},"end":{"line":11,"column":5}},"type":"if","locations":[{"start":{"line":9,"column":4},"end":{"line":11,"column":5}},{"start":{},"end":{}}],"line":9},"4":{"loc":{"start":{"line":18,"column":8},"end":{"line":20,"column":9}},"type":"if","locations":[{"start":{"line":18,"column":8},"end":{"line":20,"column":9}},{"start":{},"end":{}}],"line":18},"5":{"loc":{"start":{"line":28,"column":12},"end":{"line":30,"column":13}},"type":"if","locations":[{"start":{"line":28,"column":12},"end":{"line":30,"column":13}},{"start":{},"end":{}}],"line":28}},"s":{"0":1,"1":6,"2":6,"3":6,"4":0,"5":6,"6":0,"7":6,"8":6,"9":6,"10":6,"11":0,"12":0,"13":0,"14":1,"15":2,"16":6,"17":6,"18":0,"19":6,"20":0},"f":{"0":6,"1":2,"2":6},"b":{"0":[6,0],"1":[6,6],"2":[0,6],"3":[0,6],"4":[0,0],"5":[0,6]},"_coverageSchema":"1a1c01bbd47fc00a2c39e90264f33305004495a9","hash":"4bfc0515613fcee4090aba2948022e033a0a73bf"}
,"/Users/sahil/Desktop/Job_Portal_Backend/models/Application.js": {"path":"/Users/sahil/Desktop/Job_Portal_Backend/models/Application.js","statementMap":{"0":{"start":{"line":3,"column":24},"end":{"line":20,"column":20}},"1":{"start":{"line":22,"column":18},"end":{"line":22,"column":65}}},"fnMap":{},"branchMap":{},"s":{"0":1,"1":1},"f":{},"b":{},"_coverageSchema":"1a1c01bbd47fc00a2c39e90264f33305004495a9","hash":"1e4300ca7e480c8710b0a3ec758870bde9353dde"}
,"/Users/sahil/Desktop/Job_Portal_Backend/models/Job.js": {"path":"/Users/sahil/Desktop/Job_Portal_Backend/models/Job.js","statementMap":{"0":{"start":{"line":3,"column":16},"end":{"line":24,"column":20}},"1":{"start":{"line":26,"column":10},"end":{"line":26,"column":41}}},"fnMap":{},"branchMap":{},"s":{"0":1,"1":1},"f":{},"b":{},"_coverageSchema":"1a1c01bbd47fc00a2c39e90264f33305004495a9","hash":"db5eb03f58dcb695f5684c35439917dcd2638bab"}
,"/Users/sahil/Desktop/Job_Portal_Backend/models/User.js": {"path":"/Users/sahil/Desktop/Job_Portal_Backend/models/User.js","statementMap":{"0":{"start":{"line":3,"column":17},"end":{"line":21,"column":20}},"1":{"start":{"line":23,"column":11},"end":{"line":23,"column":44}}},"fnMap":{},"branchMap":{},"s":{"0":1,"1":1},"f":{},"b":{},"_coverageSchema":"1a1c01bbd47fc00a2c39e90264f33305004495a9","hash":"89fc79dc182fa00375fd97ce766a53d8d27a54df"}
,"/Users/sahil/Desktop/Job_Portal_Backend/routes/applicationRoute.js": {"path":"/Users/sahil/Desktop/Job_Portal_Backend/routes/applicationRoute.js","statementMap":{"0":{"start":{"line":5,"column":13},"end":{"line":5,"column":21}},"1":{"start":{"line":7,"column":0},"end":{"line":7,"column":72}},"2":{"start":{"line":8,"column":0},"end":{"line":8,"column":76}}},"fnMap":{},"branchMap":{},"s":{"0":1,"1":1,"2":1},"f":{},"b":{},"_coverageSchema":"1a1c01bbd47fc00a2c39e90264f33305004495a9","hash":"66d67c4a1d17764a67204592f095754320cb9fba"}
}
