TN:
SF:controllers/applicationController.js
FN:5,(anonymous_0)
FN:40,(anonymous_1)
FNF:2
FNH:2
FNDA:4,(anonymous_0)
FNDA:2,(anonymous_1)
DA:5,1
DA:6,4
DA:7,4
DA:8,0
DA:10,4
DA:11,1
DA:14,3
DA:15,3
DA:20,3
DA:21,1
DA:23,2
DA:24,2
DA:25,1
DA:27,1
DA:32,1
DA:33,1
DA:35,0
DA:36,0
DA:40,1
DA:41,2
DA:42,2
DA:43,0
DA:45,2
DA:46,1
DA:49,1
DA:50,1
DA:56,1
DA:58,0
DA:59,0
LF:29
LH:23
BRDA:7,0,0,0
BRDA:7,0,1,4
BRDA:10,1,0,1
BRDA:10,1,1,3
BRDA:20,2,0,1
BRDA:20,2,1,2
BRDA:24,3,0,1
BRDA:24,3,1,1
BRDA:42,4,0,0
BRDA:42,4,1,2
BRDA:45,5,0,1
BRDA:45,5,1,1
BRF:12
BRH:10
end_of_record
TN:
SF:middleware/authMiddleware.js
FN:3,(anonymous_0)
FN:25,(anonymous_1)
FN:26,(anonymous_2)
FNF:3
FNH:3
FNDA:6,(anonymous_0)
FNDA:2,(anonymous_1)
FNDA:6,(anonymous_2)
DA:3,1
DA:4,6
DA:5,6
DA:6,6
DA:7,0
DA:9,6
DA:10,0
DA:13,6
DA:14,6
DA:15,6
DA:16,6
DA:18,0
DA:19,0
DA:21,0
DA:25,1
DA:26,2
DA:27,6
DA:28,6
DA:29,0
DA:31,6
DA:33,0
LF:21
LH:14
BRDA:5,0,0,6
BRDA:5,0,1,0
BRDA:5,1,0,6
BRDA:5,1,1,6
BRDA:6,2,0,0
BRDA:6,2,1,6
BRDA:9,3,0,0
BRDA:9,3,1,6
BRDA:18,4,0,0
BRDA:18,4,1,0
BRDA:28,5,0,0
BRDA:28,5,1,6
BRF:12
BRH:6
end_of_record
TN:
SF:models/Application.js
FNF:0
FNH:0
DA:3,1
DA:22,1
LF:2
LH:2
BRF:0
BRH:0
end_of_record
TN:
SF:models/Job.js
FNF:0
FNH:0
DA:3,1
DA:26,1
LF:2
LH:2
BRF:0
BRH:0
end_of_record
TN:
SF:models/User.js
FNF:0
FNH:0
DA:3,1
DA:23,1
LF:2
LH:2
BRF:0
BRH:0
end_of_record
TN:
SF:routes/applicationRoute.js
FNF:0
FNH:0
DA:5,1
DA:7,1
DA:8,1
LF:3
LH:3
BRF:0
BRH:0
end_of_record
